The system is: Linux - 5.15.84-v8+ - aarch64
Compiling the CXX compiler identification source file "CMakeCXXCompilerId.cpp" succeeded.
Compiler: /snap/flutter/current/usr/bin/clang++ 
Build flags: 
Id flags:  

The output was:
0


Compilation of the CXX compiler identification source "CMakeCXXCompilerId.cpp" produced "a.out"

The CXX compiler identification is Clang, found in "/home/haint/gnss_sdr_linux_application/build/linux/arm64/release/CMakeFiles/3.10.2/CompilerIdCXX/a.out"

Determining if the CXX compiler works passed with the following output:
Change Dir: /home/haint/gnss_sdr_linux_application/build/linux/arm64/release/CMakeFiles/CMakeTmp

Run Build Command:"/snap/flutter/current/usr/bin/ninja" "cmTC_d1e12"
[1/2] Building CXX object CMakeFiles/cmTC_d1e12.dir/testCXXCompiler.cxx.o
[2/2] Linking CXX executable cmTC_d1e12


Detecting CXX compiler ABI info compiled with the following output:
Change Dir: /home/haint/gnss_sdr_linux_application/build/linux/arm64/release/CMakeFiles/CMakeTmp

Run Build Command:"/snap/flutter/current/usr/bin/ninja" "cmTC_c5e9b"
[1/2] Building CXX object CMakeFiles/cmTC_c5e9b.dir/CMakeCXXCompilerABI.cpp.o
[2/2] Linking CXX executable cmTC_c5e9b
clang version 6.0.0-1ubuntu2 (tags/RELEASE_600/final)
Target: aarch64-unknown-linux-gnu
Thread model: posix
InstalledDir: /snap/flutter/current/usr/bin
Found candidate GCC installation: /usr/lib/gcc/aarch64-linux-gnu/10
Selected GCC installation: /usr/lib/gcc/aarch64-linux-gnu/10
Candidate multilib: .;@m64
Selected multilib: .;@m64
 "/snap/flutter/current/usr/bin/ld" --eh-frame-hdr -m aarch64linux -dynamic-linker /lib/ld-linux-aarch64.so.1 -o cmTC_c5e9b /snap/flutter/current/usr/lib/aarch64-linux-gnu/crt1.o /snap/flutter/current/usr/lib/aarch64-linux-gnu/crti.o /snap/flutter/current/usr/lib/gcc/aarch64-linux-gnu/8/crtbegin.o -L/snap/flutter/current/usr/lib/gcc/aarch64-linux-gnu/8 -L/snap/flutter/current/usr/lib/aarch64-linux-gnu -L/snap/flutter/current/lib/aarch64-linux-gnu -L/snap/flutter/current/usr/lib/ -L/snap/flutter/current/usr/lib/gcc/aarch64-linux-gnu/8 -L/snap/flutter/current/usr/lib/aarch64-linux-gnu -L/snap/flutter/current/lib/aarch64-linux-gnu -L/snap/flutter/current/usr/lib/ -L/usr/lib/gcc/aarch64-linux-gnu/10 -L/usr/lib/gcc/aarch64-linux-gnu/10/../../../aarch64-linux-gnu -L/lib/aarch64-linux-gnu -L/usr/lib/aarch64-linux-gnu -L/usr/lib/gcc/aarch64-linux-gnu/10/../../.. -L/snap/flutter/124/usr/lib/llvm-6.0/bin/../lib -L/lib -L/usr/lib -lblkid -lgcrypt -llzma -llz4 -lgpg-error -luuid -lpthread -ldl -lblkid -lgcrypt -llzma -llz4 -lgpg-error -luuid -lpthread -ldl CMakeFiles/cmTC_c5e9b.dir/CMakeCXXCompilerABI.cpp.o -L/snap/flutter/current/usr/lib/gcc/aarch64-linux-gnu/8 -L/snap/flutter/current/usr/lib/aarch64-linux-gnu -L/snap/flutter/current/lib/aarch64-linux-gnu -L/snap/flutter/current/usr/lib -lstdc++ -lm -lgcc_s -lgcc -lc -lgcc_s -lgcc /snap/flutter/current/usr/lib/gcc/aarch64-linux-gnu/8/crtend.o /snap/flutter/current/usr/lib/aarch64-linux-gnu/crtn.o


Parsed CXX implicit link information from above output:
  link line regex: [^( *|.*[/\])(ld|CMAKE_LINK_STARTFILE-NOTFOUND|([^/\]+-)?ld|collect2)[^/\]*( |$)]
  ignore line: [Change Dir: /home/haint/gnss_sdr_linux_application/build/linux/arm64/release/CMakeFiles/CMakeTmp]
  ignore line: []
  ignore line: [Run Build Command:"/snap/flutter/current/usr/bin/ninja" "cmTC_c5e9b"]
  ignore line: [[1/2] Building CXX object CMakeFiles/cmTC_c5e9b.dir/CMakeCXXCompilerABI.cpp.o]
  ignore line: [[2/2] Linking CXX executable cmTC_c5e9b]
  ignore line: [clang version 6.0.0-1ubuntu2 (tags/RELEASE_600/final)]
  ignore line: [Target: aarch64-unknown-linux-gnu]
  ignore line: [Thread model: posix]
  ignore line: [InstalledDir: /snap/flutter/current/usr/bin]
  ignore line: [Found candidate GCC installation: /usr/lib/gcc/aarch64-linux-gnu/10]
  ignore line: [Selected GCC installation: /usr/lib/gcc/aarch64-linux-gnu/10]
  ignore line: [Candidate multilib: .]
  ignore line: [@m64]
  ignore line: [Selected multilib: .]
  ignore line: [@m64]
  link line: [ "/snap/flutter/current/usr/bin/ld" --eh-frame-hdr -m aarch64linux -dynamic-linker /lib/ld-linux-aarch64.so.1 -o cmTC_c5e9b /snap/flutter/current/usr/lib/aarch64-linux-gnu/crt1.o /snap/flutter/current/usr/lib/aarch64-linux-gnu/crti.o /snap/flutter/current/usr/lib/gcc/aarch64-linux-gnu/8/crtbegin.o -L/snap/flutter/current/usr/lib/gcc/aarch64-linux-gnu/8 -L/snap/flutter/current/usr/lib/aarch64-linux-gnu -L/snap/flutter/current/lib/aarch64-linux-gnu -L/snap/flutter/current/usr/lib/ -L/snap/flutter/current/usr/lib/gcc/aarch64-linux-gnu/8 -L/snap/flutter/current/usr/lib/aarch64-linux-gnu -L/snap/flutter/current/lib/aarch64-linux-gnu -L/snap/flutter/current/usr/lib/ -L/usr/lib/gcc/aarch64-linux-gnu/10 -L/usr/lib/gcc/aarch64-linux-gnu/10/../../../aarch64-linux-gnu -L/lib/aarch64-linux-gnu -L/usr/lib/aarch64-linux-gnu -L/usr/lib/gcc/aarch64-linux-gnu/10/../../.. -L/snap/flutter/124/usr/lib/llvm-6.0/bin/../lib -L/lib -L/usr/lib -lblkid -lgcrypt -llzma -llz4 -lgpg-error -luuid -lpthread -ldl -lblkid -lgcrypt -llzma -llz4 -lgpg-error -luuid -lpthread -ldl CMakeFiles/cmTC_c5e9b.dir/CMakeCXXCompilerABI.cpp.o -L/snap/flutter/current/usr/lib/gcc/aarch64-linux-gnu/8 -L/snap/flutter/current/usr/lib/aarch64-linux-gnu -L/snap/flutter/current/lib/aarch64-linux-gnu -L/snap/flutter/current/usr/lib -lstdc++ -lm -lgcc_s -lgcc -lc -lgcc_s -lgcc /snap/flutter/current/usr/lib/gcc/aarch64-linux-gnu/8/crtend.o /snap/flutter/current/usr/lib/aarch64-linux-gnu/crtn.o]
    arg [/snap/flutter/current/usr/bin/ld] ==> ignore
    arg [--eh-frame-hdr] ==> ignore
    arg [-m] ==> ignore
    arg [aarch64linux] ==> ignore
    arg [-dynamic-linker] ==> ignore
    arg [/lib/ld-linux-aarch64.so.1] ==> ignore
    arg [-o] ==> ignore
    arg [cmTC_c5e9b] ==> ignore
    arg [/snap/flutter/current/usr/lib/aarch64-linux-gnu/crt1.o] ==> ignore
    arg [/snap/flutter/current/usr/lib/aarch64-linux-gnu/crti.o] ==> ignore
    arg [/snap/flutter/current/usr/lib/gcc/aarch64-linux-gnu/8/crtbegin.o] ==> ignore
    arg [-L/snap/flutter/current/usr/lib/gcc/aarch64-linux-gnu/8] ==> dir [/snap/flutter/current/usr/lib/gcc/aarch64-linux-gnu/8]
    arg [-L/snap/flutter/current/usr/lib/aarch64-linux-gnu] ==> dir [/snap/flutter/current/usr/lib/aarch64-linux-gnu]
    arg [-L/snap/flutter/current/lib/aarch64-linux-gnu] ==> dir [/snap/flutter/current/lib/aarch64-linux-gnu]
    arg [-L/snap/flutter/current/usr/lib/] ==> dir [/snap/flutter/current/usr/lib/]
    arg [-L/snap/flutter/current/usr/lib/gcc/aarch64-linux-gnu/8] ==> dir [/snap/flutter/current/usr/lib/gcc/aarch64-linux-gnu/8]
    arg [-L/snap/flutter/current/usr/lib/aarch64-linux-gnu] ==> dir [/snap/flutter/current/usr/lib/aarch64-linux-gnu]
    arg [-L/snap/flutter/current/lib/aarch64-linux-gnu] ==> dir [/snap/flutter/current/lib/aarch64-linux-gnu]
    arg [-L/snap/flutter/current/usr/lib/] ==> dir [/snap/flutter/current/usr/lib/]
    arg [-L/usr/lib/gcc/aarch64-linux-gnu/10] ==> dir [/usr/lib/gcc/aarch64-linux-gnu/10]
    arg [-L/usr/lib/gcc/aarch64-linux-gnu/10/../../../aarch64-linux-gnu] ==> dir [/usr/lib/gcc/aarch64-linux-gnu/10/../../../aarch64-linux-gnu]
    arg [-L/lib/aarch64-linux-gnu] ==> dir [/lib/aarch64-linux-gnu]
    arg [-L/usr/lib/aarch64-linux-gnu] ==> dir [/usr/lib/aarch64-linux-gnu]
    arg [-L/usr/lib/gcc/aarch64-linux-gnu/10/../../..] ==> dir [/usr/lib/gcc/aarch64-linux-gnu/10/../../..]
    arg [-L/snap/flutter/124/usr/lib/llvm-6.0/bin/../lib] ==> dir [/snap/flutter/124/usr/lib/llvm-6.0/bin/../lib]
    arg [-L/lib] ==> dir [/lib]
    arg [-L/usr/lib] ==> dir [/usr/lib]
    arg [-lblkid] ==> lib [blkid]
    arg [-lgcrypt] ==> lib [gcrypt]
    arg [-llzma] ==> lib [lzma]
    arg [-llz4] ==> lib [lz4]
    arg [-lgpg-error] ==> lib [gpg-error]
    arg [-luuid] ==> lib [uuid]
    arg [-lpthread] ==> lib [pthread]
    arg [-ldl] ==> lib [dl]
    arg [-lblkid] ==> lib [blkid]
    arg [-lgcrypt] ==> lib [gcrypt]
    arg [-llzma] ==> lib [lzma]
    arg [-llz4] ==> lib [lz4]
    arg [-lgpg-error] ==> lib [gpg-error]
    arg [-luuid] ==> lib [uuid]
    arg [-lpthread] ==> lib [pthread]
    arg [-ldl] ==> lib [dl]
    arg [CMakeFiles/cmTC_c5e9b.dir/CMakeCXXCompilerABI.cpp.o] ==> ignore
    arg [-L/snap/flutter/current/usr/lib/gcc/aarch64-linux-gnu/8] ==> dir [/snap/flutter/current/usr/lib/gcc/aarch64-linux-gnu/8]
    arg [-L/snap/flutter/current/usr/lib/aarch64-linux-gnu] ==> dir [/snap/flutter/current/usr/lib/aarch64-linux-gnu]
    arg [-L/snap/flutter/current/lib/aarch64-linux-gnu] ==> dir [/snap/flutter/current/lib/aarch64-linux-gnu]
    arg [-L/snap/flutter/current/usr/lib] ==> dir [/snap/flutter/current/usr/lib]
    arg [-lstdc++] ==> lib [stdc++]
    arg [-lm] ==> lib [m]
    arg [-lgcc_s] ==> lib [gcc_s]
    arg [-lgcc] ==> lib [gcc]
    arg [-lc] ==> lib [c]
    arg [-lgcc_s] ==> lib [gcc_s]
    arg [-lgcc] ==> lib [gcc]
    arg [/snap/flutter/current/usr/lib/gcc/aarch64-linux-gnu/8/crtend.o] ==> ignore
    arg [/snap/flutter/current/usr/lib/aarch64-linux-gnu/crtn.o] ==> ignore
  collapse library dir [/snap/flutter/current/usr/lib/gcc/aarch64-linux-gnu/8] ==> [/snap/flutter/current/usr/lib/gcc/aarch64-linux-gnu/8]
  collapse library dir [/snap/flutter/current/usr/lib/aarch64-linux-gnu] ==> [/snap/flutter/current/usr/lib/aarch64-linux-gnu]
  collapse library dir [/snap/flutter/current/lib/aarch64-linux-gnu] ==> [/snap/flutter/current/lib/aarch64-linux-gnu]
  collapse library dir [/snap/flutter/current/usr/lib/] ==> [/snap/flutter/current/usr/lib]
  collapse library dir [/snap/flutter/current/usr/lib/gcc/aarch64-linux-gnu/8] ==> [/snap/flutter/current/usr/lib/gcc/aarch64-linux-gnu/8]
  collapse library dir [/snap/flutter/current/usr/lib/aarch64-linux-gnu] ==> [/snap/flutter/current/usr/lib/aarch64-linux-gnu]
  collapse library dir [/snap/flutter/current/lib/aarch64-linux-gnu] ==> [/snap/flutter/current/lib/aarch64-linux-gnu]
  collapse library dir [/snap/flutter/current/usr/lib/] ==> [/snap/flutter/current/usr/lib]
  collapse library dir [/usr/lib/gcc/aarch64-linux-gnu/10] ==> [/usr/lib/gcc/aarch64-linux-gnu/10]
  collapse library dir [/usr/lib/gcc/aarch64-linux-gnu/10/../../../aarch64-linux-gnu] ==> [/usr/lib/aarch64-linux-gnu]
  collapse library dir [/lib/aarch64-linux-gnu] ==> [/lib/aarch64-linux-gnu]
  collapse library dir [/usr/lib/aarch64-linux-gnu] ==> [/usr/lib/aarch64-linux-gnu]
  collapse library dir [/usr/lib/gcc/aarch64-linux-gnu/10/../../..] ==> [/usr/lib]
  collapse library dir [/snap/flutter/124/usr/lib/llvm-6.0/bin/../lib] ==> [/snap/flutter/124/usr/lib/llvm-6.0/lib]
  collapse library dir [/lib] ==> [/lib]
  collapse library dir [/usr/lib] ==> [/usr/lib]
  collapse library dir [/snap/flutter/current/usr/lib/gcc/aarch64-linux-gnu/8] ==> [/snap/flutter/current/usr/lib/gcc/aarch64-linux-gnu/8]
  collapse library dir [/snap/flutter/current/usr/lib/aarch64-linux-gnu] ==> [/snap/flutter/current/usr/lib/aarch64-linux-gnu]
  collapse library dir [/snap/flutter/current/lib/aarch64-linux-gnu] ==> [/snap/flutter/current/lib/aarch64-linux-gnu]
  collapse library dir [/snap/flutter/current/usr/lib] ==> [/snap/flutter/current/usr/lib]
  implicit libs: [blkid;gcrypt;lzma;lz4;gpg-error;uuid;pthread;dl;blkid;gcrypt;lzma;lz4;gpg-error;uuid;pthread;dl;stdc++;m;gcc_s;gcc;c;gcc_s;gcc]
  implicit dirs: [/snap/flutter/current/usr/lib/gcc/aarch64-linux-gnu/8;/snap/flutter/current/usr/lib/aarch64-linux-gnu;/snap/flutter/current/lib/aarch64-linux-gnu;/snap/flutter/current/usr/lib;/usr/lib/gcc/aarch64-linux-gnu/10;/usr/lib/aarch64-linux-gnu;/lib/aarch64-linux-gnu;/usr/lib;/snap/flutter/124/usr/lib/llvm-6.0/lib;/lib]
  implicit fwks: []




Detecting CXX [-std=c++1z] compiler features compiled with the following output:
Change Dir: /home/haint/gnss_sdr_linux_application/build/linux/arm64/release/CMakeFiles/CMakeTmp

Run Build Command:"/snap/flutter/current/usr/bin/ninja" "cmTC_705a6"
[1/2] Building CXX object CMakeFiles/cmTC_705a6.dir/feature_tests.cxx.o
[2/2] Linking CXX executable cmTC_705a6


    Feature record: CXX_FEATURE:1cxx_aggregate_default_initializers
    Feature record: CXX_FEATURE:1cxx_alias_templates
    Feature record: CXX_FEATURE:1cxx_alignas
    Feature record: CXX_FEATURE:1cxx_alignof
    Feature record: CXX_FEATURE:1cxx_attributes
    Feature record: CXX_FEATURE:1cxx_attribute_deprecated
    Feature record: CXX_FEATURE:1cxx_auto_type
    Feature record: CXX_FEATURE:1cxx_binary_literals
    Feature record: CXX_FEATURE:1cxx_constexpr
    Feature record: CXX_FEATURE:1cxx_contextual_conversions
    Feature record: CXX_FEATURE:1cxx_decltype
    Feature record: CXX_FEATURE:1cxx_decltype_auto
    Feature record: CXX_FEATURE:1cxx_decltype_incomplete_return_types
    Feature record: CXX_FEATURE:1cxx_default_function_template_args
    Feature record: CXX_FEATURE:1cxx_defaulted_functions
    Feature record: CXX_FEATURE:1cxx_defaulted_move_initializers
    Feature record: CXX_FEATURE:1cxx_delegating_constructors
    Feature record: CXX_FEATURE:1cxx_deleted_functions
    Feature record: CXX_FEATURE:1cxx_digit_separators
    Feature record: CXX_FEATURE:1cxx_enum_forward_declarations
    Feature record: CXX_FEATURE:1cxx_explicit_conversions
    Feature record: CXX_FEATURE:1cxx_extended_friend_declarations
    Feature record: CXX_FEATURE:1cxx_extern_templates
    Feature record: CXX_FEATURE:1cxx_final
    Feature record: CXX_FEATURE:1cxx_func_identifier
    Feature record: CXX_FEATURE:1cxx_generalized_initializers
    Feature record: CXX_FEATURE:1cxx_generic_lambdas
    Feature record: CXX_FEATURE:1cxx_inheriting_constructors
    Feature record: CXX_FEATURE:1cxx_inline_namespaces
    Feature record: CXX_FEATURE:1cxx_lambdas
    Feature record: CXX_FEATURE:1cxx_lambda_init_captures
    Feature record: CXX_FEATURE:1cxx_local_type_template_args
    Feature record: CXX_FEATURE:1cxx_long_long_type
    Feature record: CXX_FEATURE:1cxx_noexcept
    Feature record: CXX_FEATURE:1cxx_nonstatic_member_init
    Feature record: CXX_FEATURE:1cxx_nullptr
    Feature record: CXX_FEATURE:1cxx_override
    Feature record: CXX_FEATURE:1cxx_range_for
    Feature record: CXX_FEATURE:1cxx_raw_string_literals
    Feature record: CXX_FEATURE:1cxx_reference_qualified_functions
    Feature record: CXX_FEATURE:1cxx_relaxed_constexpr
    Feature record: CXX_FEATURE:1cxx_return_type_deduction
    Feature record: CXX_FEATURE:1cxx_right_angle_brackets
    Feature record: CXX_FEATURE:1cxx_rvalue_references
    Feature record: CXX_FEATURE:1cxx_sizeof_member
    Feature record: CXX_FEATURE:1cxx_static_assert
    Feature record: CXX_FEATURE:1cxx_strong_enums
    Feature record: CXX_FEATURE:1cxx_template_template_parameters
    Feature record: CXX_FEATURE:1cxx_thread_local
    Feature record: CXX_FEATURE:1cxx_trailing_return_types
    Feature record: CXX_FEATURE:1cxx_unicode_literals
    Feature record: CXX_FEATURE:1cxx_uniform_initialization
    Feature record: CXX_FEATURE:1cxx_unrestricted_unions
    Feature record: CXX_FEATURE:1cxx_user_literals
    Feature record: CXX_FEATURE:1cxx_variable_templates
    Feature record: CXX_FEATURE:1cxx_variadic_macros
    Feature record: CXX_FEATURE:1cxx_variadic_templates


Detecting CXX [-std=c++14] compiler features compiled with the following output:
Change Dir: /home/haint/gnss_sdr_linux_application/build/linux/arm64/release/CMakeFiles/CMakeTmp

Run Build Command:"/snap/flutter/current/usr/bin/ninja" "cmTC_7c937"
[1/2] Building CXX object CMakeFiles/cmTC_7c937.dir/feature_tests.cxx.o
[2/2] Linking CXX executable cmTC_7c937


    Feature record: CXX_FEATURE:1cxx_aggregate_default_initializers
    Feature record: CXX_FEATURE:1cxx_alias_templates
    Feature record: CXX_FEATURE:1cxx_alignas
    Feature record: CXX_FEATURE:1cxx_alignof
    Feature record: CXX_FEATURE:1cxx_attributes
    Feature record: CXX_FEATURE:1cxx_attribute_deprecated
    Feature record: CXX_FEATURE:1cxx_auto_type
    Feature record: CXX_FEATURE:1cxx_binary_literals
    Feature record: CXX_FEATURE:1cxx_constexpr
    Feature record: CXX_FEATURE:1cxx_contextual_conversions
    Feature record: CXX_FEATURE:1cxx_decltype
    Feature record: CXX_FEATURE:1cxx_decltype_auto
    Feature record: CXX_FEATURE:1cxx_decltype_incomplete_return_types
    Feature record: CXX_FEATURE:1cxx_default_function_template_args
    Feature record: CXX_FEATURE:1cxx_defaulted_functions
    Feature record: CXX_FEATURE:1cxx_defaulted_move_initializers
    Feature record: CXX_FEATURE:1cxx_delegating_constructors
    Feature record: CXX_FEATURE:1cxx_deleted_functions
    Feature record: CXX_FEATURE:1cxx_digit_separators
    Feature record: CXX_FEATURE:1cxx_enum_forward_declarations
    Feature record: CXX_FEATURE:1cxx_explicit_conversions
    Feature record: CXX_FEATURE:1cxx_extended_friend_declarations
    Feature record: CXX_FEATURE:1cxx_extern_templates
    Feature record: CXX_FEATURE:1cxx_final
    Feature record: CXX_FEATURE:1cxx_func_identifier
    Feature record: CXX_FEATURE:1cxx_generalized_initializers
    Feature record: CXX_FEATURE:1cxx_generic_lambdas
    Feature record: CXX_FEATURE:1cxx_inheriting_constructors
    Feature record: CXX_FEATURE:1cxx_inline_namespaces
    Feature record: CXX_FEATURE:1cxx_lambdas
    Feature record: CXX_FEATURE:1cxx_lambda_init_captures
    Feature record: CXX_FEATURE:1cxx_local_type_template_args
    Feature record: CXX_FEATURE:1cxx_long_long_type
    Feature record: CXX_FEATURE:1cxx_noexcept
    Feature record: CXX_FEATURE:1cxx_nonstatic_member_init
    Feature record: CXX_FEATURE:1cxx_nullptr
    Feature record: CXX_FEATURE:1cxx_override
    Feature record: CXX_FEATURE:1cxx_range_for
    Feature record: CXX_FEATURE:1cxx_raw_string_literals
    Feature record: CXX_FEATURE:1cxx_reference_qualified_functions
    Feature record: CXX_FEATURE:1cxx_relaxed_constexpr
    Feature record: CXX_FEATURE:1cxx_return_type_deduction
    Feature record: CXX_FEATURE:1cxx_right_angle_brackets
    Feature record: CXX_FEATURE:1cxx_rvalue_references
    Feature record: CXX_FEATURE:1cxx_sizeof_member
    Feature record: CXX_FEATURE:1cxx_static_assert
    Feature record: CXX_FEATURE:1cxx_strong_enums
    Feature record: CXX_FEATURE:1cxx_template_template_parameters
    Feature record: CXX_FEATURE:1cxx_thread_local
    Feature record: CXX_FEATURE:1cxx_trailing_return_types
    Feature record: CXX_FEATURE:1cxx_unicode_literals
    Feature record: CXX_FEATURE:1cxx_uniform_initialization
    Feature record: CXX_FEATURE:1cxx_unrestricted_unions
    Feature record: CXX_FEATURE:1cxx_user_literals
    Feature record: CXX_FEATURE:1cxx_variable_templates
    Feature record: CXX_FEATURE:1cxx_variadic_macros
    Feature record: CXX_FEATURE:1cxx_variadic_templates


Detecting CXX [-std=c++11] compiler features compiled with the following output:
Change Dir: /home/haint/gnss_sdr_linux_application/build/linux/arm64/release/CMakeFiles/CMakeTmp

Run Build Command:"/snap/flutter/current/usr/bin/ninja" "cmTC_75798"
[1/2] Building CXX object CMakeFiles/cmTC_75798.dir/feature_tests.cxx.o
[2/2] Linking CXX executable cmTC_75798


    Feature record: CXX_FEATURE:0cxx_aggregate_default_initializers
    Feature record: CXX_FEATURE:1cxx_alias_templates
    Feature record: CXX_FEATURE:1cxx_alignas
    Feature record: CXX_FEATURE:1cxx_alignof
    Feature record: CXX_FEATURE:1cxx_attributes
    Feature record: CXX_FEATURE:0cxx_attribute_deprecated
    Feature record: CXX_FEATURE:1cxx_auto_type
    Feature record: CXX_FEATURE:0cxx_binary_literals
    Feature record: CXX_FEATURE:1cxx_constexpr
    Feature record: CXX_FEATURE:0cxx_contextual_conversions
    Feature record: CXX_FEATURE:1cxx_decltype
    Feature record: CXX_FEATURE:0cxx_decltype_auto
    Feature record: CXX_FEATURE:1cxx_decltype_incomplete_return_types
    Feature record: CXX_FEATURE:1cxx_default_function_template_args
    Feature record: CXX_FEATURE:1cxx_defaulted_functions
    Feature record: CXX_FEATURE:1cxx_defaulted_move_initializers
    Feature record: CXX_FEATURE:1cxx_delegating_constructors
    Feature record: CXX_FEATURE:1cxx_deleted_functions
    Feature record: CXX_FEATURE:0cxx_digit_separators
    Feature record: CXX_FEATURE:1cxx_enum_forward_declarations
    Feature record: CXX_FEATURE:1cxx_explicit_conversions
    Feature record: CXX_FEATURE:1cxx_extended_friend_declarations
    Feature record: CXX_FEATURE:1cxx_extern_templates
    Feature record: CXX_FEATURE:1cxx_final
    Feature record: CXX_FEATURE:1cxx_func_identifier
    Feature record: CXX_FEATURE:1cxx_generalized_initializers
    Feature record: CXX_FEATURE:0cxx_generic_lambdas
    Feature record: CXX_FEATURE:1cxx_inheriting_constructors
    Feature record: CXX_FEATURE:1cxx_inline_namespaces
    Feature record: CXX_FEATURE:1cxx_lambdas
    Feature record: CXX_FEATURE:0cxx_lambda_init_captures
    Feature record: CXX_FEATURE:1cxx_local_type_template_args
    Feature record: CXX_FEATURE:1cxx_long_long_type
    Feature record: CXX_FEATURE:1cxx_noexcept
    Feature record: CXX_FEATURE:1cxx_nonstatic_member_init
    Feature record: CXX_FEATURE:1cxx_nullptr
    Feature record: CXX_FEATURE:1cxx_override
    Feature record: CXX_FEATURE:1cxx_range_for
    Feature record: CXX_FEATURE:1cxx_raw_string_literals
    Feature record: CXX_FEATURE:1cxx_reference_qualified_functions
    Feature record: CXX_FEATURE:0cxx_relaxed_constexpr
    Feature record: CXX_FEATURE:0cxx_return_type_deduction
    Feature record: CXX_FEATURE:1cxx_right_angle_brackets
    Feature record: CXX_FEATURE:1cxx_rvalue_references
    Feature record: CXX_FEATURE:1cxx_sizeof_member
    Feature record: CXX_FEATURE:1cxx_static_assert
    Feature record: CXX_FEATURE:1cxx_strong_enums
    Feature record: CXX_FEATURE:1cxx_template_template_parameters
    Feature record: CXX_FEATURE:1cxx_thread_local
    Feature record: CXX_FEATURE:1cxx_trailing_return_types
    Feature record: CXX_FEATURE:1cxx_unicode_literals
    Feature record: CXX_FEATURE:1cxx_uniform_initialization
    Feature record: CXX_FEATURE:1cxx_unrestricted_unions
    Feature record: CXX_FEATURE:1cxx_user_literals
    Feature record: CXX_FEATURE:0cxx_variable_templates
    Feature record: CXX_FEATURE:1cxx_variadic_macros
    Feature record: CXX_FEATURE:1cxx_variadic_templates


Detecting CXX [-std=c++98] compiler features compiled with the following output:
Change Dir: /home/haint/gnss_sdr_linux_application/build/linux/arm64/release/CMakeFiles/CMakeTmp

Run Build Command:"/snap/flutter/current/usr/bin/ninja" "cmTC_b9cf8"
[1/2] Building CXX object CMakeFiles/cmTC_b9cf8.dir/feature_tests.cxx.o
[2/2] Linking CXX executable cmTC_b9cf8


    Feature record: CXX_FEATURE:0cxx_aggregate_default_initializers
    Feature record: CXX_FEATURE:0cxx_alias_templates
    Feature record: CXX_FEATURE:0cxx_alignas
    Feature record: CXX_FEATURE:0cxx_alignof
    Feature record: CXX_FEATURE:0cxx_attributes
    Feature record: CXX_FEATURE:0cxx_attribute_deprecated
    Feature record: CXX_FEATURE:0cxx_auto_type
    Feature record: CXX_FEATURE:0cxx_binary_literals
    Feature record: CXX_FEATURE:0cxx_constexpr
    Feature record: CXX_FEATURE:0cxx_contextual_conversions
    Feature record: CXX_FEATURE:0cxx_decltype
    Feature record: CXX_FEATURE:0cxx_decltype_auto
    Feature record: CXX_FEATURE:0cxx_decltype_incomplete_return_types
    Feature record: CXX_FEATURE:0cxx_default_function_template_args
    Feature record: CXX_FEATURE:0cxx_defaulted_functions
    Feature record: CXX_FEATURE:0cxx_defaulted_move_initializers
    Feature record: CXX_FEATURE:0cxx_delegating_constructors
    Feature record: CXX_FEATURE:0cxx_deleted_functions
    Feature record: CXX_FEATURE:0cxx_digit_separators
    Feature record: CXX_FEATURE:0cxx_enum_forward_declarations
    Feature record: CXX_FEATURE:0cxx_explicit_conversions
    Feature record: CXX_FEATURE:0cxx_extended_friend_declarations
    Feature record: CXX_FEATURE:0cxx_extern_templates
    Feature record: CXX_FEATURE:0cxx_final
    Feature record: CXX_FEATURE:0cxx_func_identifier
    Feature record: CXX_FEATURE:0cxx_generalized_initializers
    Feature record: CXX_FEATURE:0cxx_generic_lambdas
    Feature record: CXX_FEATURE:0cxx_inheriting_constructors
    Feature record: CXX_FEATURE:0cxx_inline_namespaces
    Feature record: CXX_FEATURE:0cxx_lambdas
    Feature record: CXX_FEATURE:0cxx_lambda_init_captures
    Feature record: CXX_FEATURE:0cxx_local_type_template_args
    Feature record: CXX_FEATURE:0cxx_long_long_type
    Feature record: CXX_FEATURE:0cxx_noexcept
    Feature record: CXX_FEATURE:0cxx_nonstatic_member_init
    Feature record: CXX_FEATURE:0cxx_nullptr
    Feature record: CXX_FEATURE:0cxx_override
    Feature record: CXX_FEATURE:0cxx_range_for
    Feature record: CXX_FEATURE:0cxx_raw_string_literals
    Feature record: CXX_FEATURE:0cxx_reference_qualified_functions
    Feature record: CXX_FEATURE:0cxx_relaxed_constexpr
    Feature record: CXX_FEATURE:0cxx_return_type_deduction
    Feature record: CXX_FEATURE:0cxx_right_angle_brackets
    Feature record: CXX_FEATURE:0cxx_rvalue_references
    Feature record: CXX_FEATURE:0cxx_sizeof_member
    Feature record: CXX_FEATURE:0cxx_static_assert
    Feature record: CXX_FEATURE:0cxx_strong_enums
    Feature record: CXX_FEATURE:1cxx_template_template_parameters
    Feature record: CXX_FEATURE:0cxx_thread_local
    Feature record: CXX_FEATURE:0cxx_trailing_return_types
    Feature record: CXX_FEATURE:0cxx_unicode_literals
    Feature record: CXX_FEATURE:0cxx_uniform_initialization
    Feature record: CXX_FEATURE:0cxx_unrestricted_unions
    Feature record: CXX_FEATURE:0cxx_user_literals
    Feature record: CXX_FEATURE:0cxx_variable_templates
    Feature record: CXX_FEATURE:0cxx_variadic_macros
    Feature record: CXX_FEATURE:0cxx_variadic_templates
